<?xml version="1.0" encoding="UTF-8"?>
<testsuite xmlns:xsi="http://www.w3.org/2001/XMLSchema-instance" xsi:noNamespaceSchemaLocation="https://maven.apache.org/surefire/maven-surefire-plugin/xsd/surefire-test-report-3.0.xsd" version="3.0" name="com.tetraleague.TetraLeagueApplicationTests" time="2.531" tests="1" errors="0" skipped="0" failures="0">
  <properties>
[...]
</properties>
  <testcase name="contextLoads" classname="com.tetraleague.TetraLeagueApplicationTests" time="0.531">
    <system-out><![CDATA[22:13:54.411 [main] INFO org.springframework.test.context.support.AnnotationConfigContextLoaderUtils -- Could not detect default configuration classes for test class [com.tetraleague.TetraLeagueApplicationTests]: TetraLeagueApplicationTests does not declare any static, non-private, non-final, nested classes annotated with @Configuration.
22:13:54.478 [main] INFO org.springframework.boot.test.context.SpringBootTestContextBootstrapper -- Found @SpringBootConfiguration com.tetraleague.TetraLeagueApplication for test class com.tetraleague.TetraLeagueApplicationTests

  .   ____          _            __ _ _
 /\\ / ___'_ __ _ _(_)_ __  __ _ \ \ \ \
( ( )\___ | '_ | '_| | '_ \/ _` | \ \ \ \
 \\/  ___)| |_)| | | | | || (_| |  ) ) ) )
  '  |____| .__|_| |_|_| |_\__, | / / / /
 =========|_|==============|___/=/_/_/_/

 :: Spring Boot ::                (v3.3.3)

2024-09-26T22:13:54.739+08:00  INFO 62946 --- [TetraLeague] [           main] c.t.TetraLeagueApplicationTests          : Starting TetraLeagueApplicationTests using Java 22.0.2 with PID 62946 (started by ianhoe in /Users/ianhoe/Documents/GitHub/CS203-Project/backend)
2024-09-26T22:13:54.740+08:00  INFO 62946 --- [TetraLeague] [           main] c.t.TetraLeagueApplicationTests          : No active profile set, falling back to 1 default profile: "default"
2024-09-26T22:13:55.091+08:00  INFO 62946 --- [TetraLeague] [           main] .s.d.r.c.RepositoryConfigurationDelegate : Bootstrapping Spring Data MongoDB repositories in DEFAULT mode.
2024-09-26T22:13:55.124+08:00  INFO 62946 --- [TetraLeague] [           main] .s.d.r.c.RepositoryConfigurationDelegate : Finished Spring Data repository scanning in 29 ms. Found 3 MongoDB repository interfaces.
2024-09-26T22:13:55.459+08:00  INFO 62946 --- [TetraLeague] [r75.mongodb.net] org.mongodb.driver.cluster               : Adding discovered server cs203proj-shard-00-02.vbr75.mongodb.net:27017 to client view of cluster
2024-09-26T22:13:55.464+08:00  INFO 62946 --- [TetraLeague] [           main] org.mongodb.driver.client                : MongoClient with metadata {"driver": {"name": "mongo-java-driver|sync|spring-boot", "version": "5.0.1"}, "os": {"type": "Darwin", "name": "Mac OS X", "architecture": "aarch64", "version": "14.5"}, "platform": "Java/Homebrew/22.0.2"} created with settings MongoClientSettings{readPreference=primary, writeConcern=WriteConcern{w=majority, wTimeout=null ms, journal=null}, retryWrites=true, retryReads=true, readConcern=ReadConcern{level=null}, credential=MongoCredential{mechanism=null, userName='Ian', source='admin', password=<hidden>, mechanismProperties=<hidden>}, transportSettings=null, commandListeners=[], codecRegistry=ProvidersCodecRegistry{codecProviders=[ValueCodecProvider{}, BsonValueCodecProvider{}, DBRefCodecProvider{}, DBObjectCodecProvider{}, DocumentCodecProvider{}, CollectionCodecProvider{}, IterableCodecProvider{}, MapCodecProvider{}, GeoJsonCodecProvider{}, GridFSFileCodecProvider{}, Jsr310CodecProvider{}, JsonObjectCodecProvider{}, BsonCodecProvider{}, EnumCodecProvider{}, com.mongodb.client.model.mql.ExpressionCodecProvider@77f4c040, com.mongodb.Jep395RecordCodecProvider@606a1bc4, com.mongodb.KotlinCodecProvider@6a15b73]}, loggerSettings=LoggerSettings{maxDocumentLength=1000}, clusterSettings={hosts=[127.0.0.1:27017], srvHost=cs203proj.vbr75.mongodb.net, srvServiceName=mongodb, mode=MULTIPLE, requiredClusterType=REPLICA_SET, requiredReplicaSetName='atlas-5dukgg-shard-0', serverSelector='null', clusterListeners='[]', serverSelectionTimeout='30000 ms', localThreshold='15 ms'}, socketSettings=SocketSettings{connectTimeoutMS=10000, readTimeoutMS=0, receiveBufferSize=0, proxySettings=ProxySettings{host=null, port=null, username=null, password=null}}, heartbeatSocketSettings=SocketSettings{connectTimeoutMS=10000, readTimeoutMS=10000, receiveBufferSize=0, proxySettings=ProxySettings{host=null, port=null, username=null, password=null}}, connectionPoolSettings=ConnectionPoolSettings{maxSize=100, minSize=0, maxWaitTimeMS=120000, maxConnectionLifeTimeMS=0, maxConnectionIdleTimeMS=0, maintenanceInitialDelayMS=0, maintenanceFrequencyMS=60000, connectionPoolListeners=[], maxConnecting=2}, serverSettings=ServerSettings{heartbeatFrequencyMS=10000, minHeartbeatFrequencyMS=500, serverListeners='[]', serverMonitorListeners='[]'}, sslSettings=SslSettings{enabled=true, invalidHostNameAllowed=false, context=null}, applicationName='null', compressorList=[], uuidRepresentation=JAVA_LEGACY, serverApi=null, autoEncryptionSettings=null, dnsClient=null, inetAddressResolver=null, contextProvider=null}
2024-09-26T22:13:55.474+08:00  INFO 62946 --- [TetraLeague] [r75.mongodb.net] org.mongodb.driver.cluster               : Adding discovered server cs203proj-shard-00-01.vbr75.mongodb.net:27017 to client view of cluster
2024-09-26T22:13:55.476+08:00  INFO 62946 --- [TetraLeague] [r75.mongodb.net] org.mongodb.driver.cluster               : Adding discovered server cs203proj-shard-00-00.vbr75.mongodb.net:27017 to client view of cluster
2024-09-26T22:13:55.743+08:00  INFO 62946 --- [TetraLeague] [           main] eAuthenticationProviderManagerConfigurer : Global AuthenticationManager configured with AuthenticationProvider bean with name authenticationProvider
2024-09-26T22:13:55.744+08:00  WARN 62946 --- [TetraLeague] [           main] r$InitializeUserDetailsManagerConfigurer : Global AuthenticationManager configured with an AuthenticationProvider bean. UserDetailsService beans will not be used for username/password login. Consider removing the AuthenticationProvider bean. Alternatively, consider using the UserDetailsService in a manually instantiated DaoAuthenticationProvider.
2024-09-26T22:13:55.870+08:00  INFO 62946 --- [TetraLeague] [ngodb.net:27017] org.mongodb.driver.cluster               : Monitor thread successfully connected to server with description ServerDescription{address=cs203proj-shard-00-02.vbr75.mongodb.net:27017, type=REPLICA_SET_PRIMARY, state=CONNECTED, ok=true, minWireVersion=0, maxWireVersion=21, maxDocumentSize=16777216, logicalSessionTimeoutMinutes=30, roundTripTimeNanos=245114291, setName='atlas-5dukgg-shard-0', canonicalAddress=cs203proj-shard-00-02.vbr75.mongodb.net:27017, hosts=[cs203proj-shard-00-00.vbr75.mongodb.net:27017, cs203proj-shard-00-02.vbr75.mongodb.net:27017, cs203proj-shard-00-01.vbr75.mongodb.net:27017], passives=[], arbiters=[], primary='cs203proj-shard-00-02.vbr75.mongodb.net:27017', tagSet=TagSet{[Tag{name='availabilityZone', value='apse1-az3'}, Tag{name='diskState', value='READY'}, Tag{name='nodeType', value='ELECTABLE'}, Tag{name='provider', value='AWS'}, Tag{name='region', value='AP_SOUTHEAST_1'}, Tag{name='workloadType', value='OPERATIONAL'}]}, electionId=7fffffff0000000000000019, setVersion=5, topologyVersion=TopologyVersion{processId=66c8eec324ca3ec058ae0eb5, counter=6}, lastWriteDate=Thu Sep 26 22:13:55 SGT 2024, lastUpdateTimeNanos=1637944670636041}
2024-09-26T22:13:55.870+08:00  INFO 62946 --- [TetraLeague] [ngodb.net:27017] org.mongodb.driver.cluster               : Monitor thread successfully connected to server with description ServerDescription{address=cs203proj-shard-00-00.vbr75.mongodb.net:27017, type=REPLICA_SET_SECONDARY, state=CONNECTED, ok=true, minWireVersion=0, maxWireVersion=21, maxDocumentSize=16777216, logicalSessionTimeoutMinutes=30, roundTripTimeNanos=245195208, setName='atlas-5dukgg-shard-0', canonicalAddress=cs203proj-shard-00-00.vbr75.mongodb.net:27017, hosts=[cs203proj-shard-00-00.vbr75.mongodb.net:27017, cs203proj-shard-00-02.vbr75.mongodb.net:27017, cs203proj-shard-00-01.vbr75.mongodb.net:27017], passives=[], arbiters=[], primary='cs203proj-shard-00-02.vbr75.mongodb.net:27017', tagSet=TagSet{[Tag{name='availabilityZone', value='apse1-az2'}, Tag{name='diskState', value='READY'}, Tag{name='nodeType', value='ELECTABLE'}, Tag{name='provider', value='AWS'}, Tag{name='region', value='AP_SOUTHEAST_1'}, Tag{name='workloadType', value='OPERATIONAL'}]}, electionId=null, setVersion=5, topologyVersion=TopologyVersion{processId=66c8ecc601466ab8d8e37dfd, counter=4}, lastWriteDate=Thu Sep 26 22:13:55 SGT 2024, lastUpdateTimeNanos=1637944670697375}
2024-09-26T22:13:55.870+08:00  INFO 62946 --- [TetraLeague] [ngodb.net:27017] org.mongodb.driver.cluster               : Monitor thread successfully connected to server with description ServerDescription{address=cs203proj-shard-00-01.vbr75.mongodb.net:27017, type=REPLICA_SET_SECONDARY, state=CONNECTED, ok=true, minWireVersion=0, maxWireVersion=21, maxDocumentSize=16777216, logicalSessionTimeoutMinutes=30, roundTripTimeNanos=245067083, setName='atlas-5dukgg-shard-0', canonicalAddress=cs203proj-shard-00-01.vbr75.mongodb.net:27017, hosts=[cs203proj-shard-00-00.vbr75.mongodb.net:27017, cs203proj-shard-00-02.vbr75.mongodb.net:27017, cs203proj-shard-00-01.vbr75.mongodb.net:27017], passives=[], arbiters=[], primary='cs203proj-shard-00-02.vbr75.mongodb.net:27017', tagSet=TagSet{[Tag{name='availabilityZone', value='apse1-az1'}, Tag{name='diskState', value='READY'}, Tag{name='nodeType', value='ELECTABLE'}, Tag{name='provider', value='AWS'}, Tag{name='region', value='AP_SOUTHEAST_1'}, Tag{name='workloadType', value='OPERATIONAL'}]}, electionId=null, setVersion=5, topologyVersion=TopologyVersion{processId=66c8f05dd04c8c68c07da785, counter=3}, lastWriteDate=Thu Sep 26 22:13:55 SGT 2024, lastUpdateTimeNanos=1637944670636041}
2024-09-26T22:13:55.873+08:00  INFO 62946 --- [TetraLeague] [ngodb.net:27017] org.mongodb.driver.cluster               : Discovered replica set primary cs203proj-shard-00-02.vbr75.mongodb.net:27017 with max election id 7fffffff0000000000000019 and max set version 5
2024-09-26T22:13:56.237+08:00  INFO 62946 --- [TetraLeague] [           main] c.t.TetraLeagueApplicationTests          : Started TetraLeagueApplicationTests in 1.681 seconds (process running for 2.394)
]]></system-out>
    <system-err><![CDATA[WARNING: A Java agent has been loaded dynamically (/Users/ianhoe/.m2/repository/net/bytebuddy/byte-buddy-agent/1.14.19/byte-buddy-agent-1.14.19.jar)
WARNING: If a serviceability tool is in use, please run with -XX:+EnableDynamicAgentLoading to hide this warning
WARNING: If a serviceability tool is not in use, please run with -Djdk.instrument.traceUsage for more information
WARNING: Dynamic loading of agents will be disallowed by default in a future release
]]></system-err>
  </testcase>
</testsuite>