<?xml version="1.0" encoding="UTF-8"?>
<testsuite xmlns:xsi="http://www.w3.org/2001/XMLSchema-instance" xsi:noNamespaceSchemaLocation="https://maven.apache.org/surefire/maven-surefire-plugin/xsd/surefire-test-report-3.0.xsd" version="3.0" name="com.tetraleague.MatchmakingServiceTest" time="2.747" tests="22" errors="0" skipped="0" failures="0">
  <properties>
[...]
</properties>
  <testcase name="addParticipant_ValidConditions_Success" classname="com.tetraleague.MatchmakingServiceTest" time="2.382">
    <system-out><![CDATA[23:53:24.076 [main] INFO com.tetraleague.service.TournamentService -- Fetching tournament with ID: validTournamentId
]]></system-out>
    <system-err><![CDATA[WARNING: A Java agent has been loaded dynamically (C:\Users\John Goh\.m2\repository\net\bytebuddy\byte-buddy-agent\1.14.19\byte-buddy-agent-1.14.19.jar)
WARNING: If a serviceability tool is in use, please run with -XX:+EnableDynamicAgentLoading to hide this warning
WARNING: If a serviceability tool is not in use, please run with -Djdk.instrument.traceUsage for more information
WARNING: Dynamic loading of agents will be disallowed by default in a future release
]]></system-err>
  </testcase>
  <testcase name="addParticipant_InvalidPlayerId_ThrowsRuntimeException" classname="com.tetraleague.MatchmakingServiceTest" time="0.014">
    <system-out><![CDATA[23:53:24.127 [main] INFO com.tetraleague.service.TournamentService -- Fetching tournament with ID: validTournamentId
]]></system-out>
  </testcase>
  <testcase name="createTournament_NotPower2_ThrowsException" classname="com.tetraleague.MatchmakingServiceTest" time="0.017"/>
  <testcase name="createTournament_LessThan2_ThrowsException" classname="com.tetraleague.MatchmakingServiceTest" time="0.051"/>
  <testcase name="registerUser_UsernameAlreadyExists_ReturnsBadRequest" classname="com.tetraleague.MatchmakingServiceTest" time="0.027"/>
  <testcase name="createTournament_StartDateAfterEndDate_ThrowsException" classname="com.tetraleague.MatchmakingServiceTest" time="0.006"/>
  <testcase name="addParticipant_TournamentEnded_ThrowsException" classname="com.tetraleague.MatchmakingServiceTest" time="0.009">
    <system-out><![CDATA[23:53:24.246 [main] INFO com.tetraleague.service.TournamentService -- Fetching tournament with ID: ended-tournament-id
]]></system-out>
  </testcase>
  <testcase name="addParticipant_TournamentAlreadyStarted_ThrowsException" classname="com.tetraleague.MatchmakingServiceTest" time="0.008">
    <system-out><![CDATA[23:53:24.256 [main] INFO com.tetraleague.service.TournamentService -- Fetching tournament with ID: tournament123
]]></system-out>
  </testcase>
  <testcase name="completeMatch_MatchAndTournamentFound_UpdateTournament" classname="com.tetraleague.MatchmakingServiceTest" time="0.044"/>
  <testcase name="addParticipant_PlayerAlreadyParticipating_ThrowsException" classname="com.tetraleague.MatchmakingServiceTest" time="0.012">
    <system-out><![CDATA[23:53:24.310 [main] INFO com.tetraleague.service.TournamentService -- Fetching tournament with ID: tournament123
]]></system-out>
  </testcase>
  <testcase name="createMatchups_EvenNumber_Success" classname="com.tetraleague.MatchmakingServiceTest" time="0.011">
    <system-out><![CDATA[Sorted Participants Elo: 
1700
1600
1500
1400
1300
1200
1100
1000
]]></system-out>
  </testcase>
  <testcase name="completeMatch_TournamentNotFound_ThrowException" classname="com.tetraleague.MatchmakingServiceTest" time="0.006"/>
  <testcase name="createTournament_OverlappingTournament_ThrowsException" classname="com.tetraleague.MatchmakingServiceTest" time="0.008"/>
  <testcase name="createTournament_ValidTournament_SavedSuccessfully" classname="com.tetraleague.MatchmakingServiceTest" time="0.005"/>
  <testcase name="addParticipant_FullTournament_ThrowsException" classname="com.tetraleague.MatchmakingServiceTest" time="0.005">
    <system-out><![CDATA[23:53:24.357 [main] INFO com.tetraleague.service.TournamentService -- Fetching tournament with ID: tournament123
]]></system-out>
  </testcase>
  <testcase name="createTournament_MinEloGreaterThanMaxElo_ThrowsException" classname="com.tetraleague.MatchmakingServiceTest" time="0.008"/>
  <testcase name="addParticipant_PlayerEloAboveMax_ThrowsException" classname="com.tetraleague.MatchmakingServiceTest" time="0.012">
    <system-out><![CDATA[23:53:24.378 [main] INFO com.tetraleague.service.TournamentService -- Fetching tournament with ID: tournament123
]]></system-out>
  </testcase>
  <testcase name="addParticipant_PlayerWithEloRatingBelowMinimum_ThrowsRuntimeException" classname="com.tetraleague.MatchmakingServiceTest" time="0.012">
    <system-out><![CDATA[23:53:24.390 [main] INFO com.tetraleague.service.TournamentService -- Fetching tournament with ID: tournament123
]]></system-out>
  </testcase>
  <testcase name="registerUser_SuccessfulRegistration_ReturnsOkResponse" classname="com.tetraleague.MatchmakingServiceTest" time="0.008"/>
  <testcase name="completeMatch_MatchNotFound_ThrowsException" classname="com.tetraleague.MatchmakingServiceTest" time="0.008"/>
  <testcase name="createNextRoundMatches_AddWinner_Complete" classname="com.tetraleague.MatchmakingServiceTest" time="0.004"/>
  <testcase name="registerUser_EmailAlreadyInUse_ReturnsBadRequest" classname="com.tetraleague.MatchmakingServiceTest" time="0.005"/>
</testsuite>